<?xml version="1.0" encoding="UTF-8"?>
<testsuite xmlns:xsi="http://www.w3.org/2001/XMLSchema-instance" xsi:noNamespaceSchemaLocation="https://maven.apache.org/surefire/maven-surefire-plugin/xsd/surefire-test-report.xsd" name="com.yesim.test.runner.CucumberRunner" time="70.185" tests="3" errors="2" skipped="0" failures="0">
  <properties>
[...]
</properties>
  <testcase name="Register" classname="DemoQA Test" time="51.197">
    <error message="Expected condition failed: waiting for element to be clickable: By.xpath: //*[@id=&apos;rc-anchor-container&apos;]//*[@class=&apos;recaptcha-checkbox goog-inline-block recaptcha-checkbox-unchecked rc-anchor-checkbox&apos;] (tried for 30 second(s) with 500 milliseconds interval)" type="org.openqa.selenium.TimeoutException">org.openqa.selenium.TimeoutException: Expected condition failed: waiting for element to be clickable: By.xpath: //*[@id='rc-anchor-container']//*[@class='recaptcha-checkbox goog-inline-block recaptcha-checkbox-unchecked rc-anchor-checkbox'] (tried for 30 second(s) with 500 milliseconds interval)
Caused by: org.openqa.selenium.NoSuchElementException: 
Unable to locate element: //*[@id='rc-anchor-container']//*[@class='recaptcha-checkbox goog-inline-block recaptcha-checkbox-unchecked rc-anchor-checkbox']
For documentation on this error, please visit: https://www.seleniumhq.org/exceptions/no_such_element.html
Build info: version: '3.141.59', revision: 'e82be7d358', time: '2018-11-14T08:17:03'
System info: host: 'testinium-air', ip: 'fe80:0:0:0:10bc:e3e4:be48:e4f0%en0', os.name: 'Mac OS X', os.arch: 'x86_64', os.version: '10.16', java.version: '1.8.0_202'
Driver info: org.openqa.selenium.firefox.FirefoxDriver
Capabilities {acceptInsecureCerts: true, browserName: firefox, browserVersion: 101.0, javascriptEnabled: true, moz:accessibilityChecks: false, moz:buildID: 20220526203855, moz:geckodriverVersion: 0.31.0, moz:headless: false, moz:processID: 5140, moz:profile: /var/folders/7n/r2cmpybn229..., moz:shutdownTimeout: 60000, moz:useNonSpecCompliantPointerOrigin: false, moz:webdriverClick: true, pageLoadStrategy: normal, platform: MAC, platformName: MAC, platformVersion: 20.6.0, proxy: Proxy(), setWindowRect: true, strictFileInteractability: false, timeouts: {implicit: 0, pageLoad: 300000, script: 30000}, unhandledPromptBehavior: dismiss and notify}
Session ID: 64d2f117-5a15-427c-b453-d9f93210c8cf
*** Element info: {Using=xpath, value=//*[@id='rc-anchor-container']//*[@class='recaptcha-checkbox goog-inline-block recaptcha-checkbox-unchecked rc-anchor-checkbox']}
</error>
    <system-out><![CDATA[Category name : Book Store Application
Giriş sayfasındasınız Welcome,
]]></system-out>
    <system-err><![CDATA[1654967625275	geckodriver	INFO	Listening on 127.0.0.1:18291
1654967625569	mozrunner::runner	INFO	Running command: "/Applications/Firefox.app/Contents/MacOS/firefox-bin" "--marionette" "start-maximized" "-foreground" "-no-remote" "-profile" "/var/folders/7n/r2cmpybn22975z1lwy9b6bnm0000gn/T/rust_mozprofileyT6WkN"
1654967627082	Marionette	INFO	Marionette enabled
console.warn: SearchSettings: "get: No settings file exists, new profile?" (new NotFoundError("Could not open the file at /var/folders/7n/r2cmpybn22975z1lwy9b6bnm0000gn/T/rust_mozprofileyT6WkN/search.json.mozlz4", (void 0)))
console.error: BackgroundUpdate: 
  _reasonsToNotScheduleUpdates: Failed to check for Maintenance Service Registry Key: [Exception... "Component returned failure code: 0x80004001 (NS_ERROR_NOT_IMPLEMENTED) [nsIUpdateProcessor.getServiceRegKeyExists]"  nsresult: "0x80004001 (NS_ERROR_NOT_IMPLEMENTED)"  location: "JS frame :: resource://gre/modules/BackgroundUpdate.jsm :: _reasonsToNotScheduleUpdates :: line 241"  data: no]
1654967629126	Marionette	INFO	Listening on port 64436
Read port: 64436
1654967629233	RemoteAgent	WARN	TLS certificate errors will be ignored for this session
Haz 11, 2022 8:13:49 PM org.openqa.selenium.remote.ProtocolHandshake createSession
INFO: Detected dialect: W3C
JavaScript warning: https://pagead2.googlesyndication.com/bg/Co234H0mqm-3QDa96jXfhCsIzvyuaV9uBMdU0yZJozo.js line 2 > eval line 2746 > eval line 1 > eval line 1 > eval, line 1: WEBGL_debug_renderer_info is deprecated in Firefox and will be removed. Please use RENDERER.
1654967634501	Marionette	WARN	Ignoring event 'DOMContentLoaded' because document has an invalid readyState of 'complete'.
JavaScript warning: https://pagead2.googlesyndication.com/bg/Co234H0mqm-3QDa96jXfhCsIzvyuaV9uBMdU0yZJozo.js line 2 > eval line 3104 > eval line 1 > eval line 1 > eval, line 1: WEBGL_debug_renderer_info is deprecated in Firefox and will be removed. Please use RENDERER.
JavaScript error: https://demoqa.com/login, line 1: TypeError: document.getElementById(...) is null
JavaScript error: https://cdn.ad.plus/player/adplus.js, line 400: TypeError: e(...).setup is not a function
console.warn: LoginRecipes: "getRecipes: falling back to a synchronous message for:" "https://demoqa.com"
JavaScript error: https://demoqa.com/login, line 1: TypeError: document.getElementById(...) is null
JavaScript warning: https://pagead2.googlesyndication.com/bg/Co234H0mqm-3QDa96jXfhCsIzvyuaV9uBMdU0yZJozo.js line 2 > eval line 982 > eval line 1 > eval line 1 > eval, line 1: WEBGL_debug_renderer_info is deprecated in Firefox and will be removed. Please use RENDERER.
1654967642469	Marionette	WARN	Ignoring event 'DOMContentLoaded' because document has an invalid readyState of 'complete'.
JavaScript warning: https://pagead2.googlesyndication.com/bg/Co234H0mqm-3QDa96jXfhCsIzvyuaV9uBMdU0yZJozo.js line 2 > eval line 6995 > eval line 1 > eval line 1 > eval, line 1: WEBGL_debug_renderer_info is deprecated in Firefox and will be removed. Please use RENDERER.
]]></system-err>
  </testcase>
  <testcase name="Login and Search Test" classname="DemoQA Test" time="18.531"/>
  <testcase name="com.yesim.test.runner.CucumberRunner" classname="com.yesim.test.runner.CucumberRunner" time="18.546">
    <error message="No format for key faıled" type="java.lang.NullPointerException">java.lang.NullPointerException: No format for key faıled
</error>
    <system-out><![CDATA[
]]></system-out>
  </testcase>
</testsuite>